ISim log file
Running: /home/student2/ahbhuiya/Downloads/Cache/Test2_isim_beh.exe -intstyle ise -gui -tclbatch isim.cmd -wdb /home/student2/ahbhuiya/Downloads/Cache/Test2_isim_beh.wdb 
ISim O.87xd (signature 0x8ddf5b5d)
----------------------------------------------------------------------
INFO:Security:51 - The XILINXD_LICENSE_FILE environment variable is not set.
INFO:Security:52 - The LM_LICENSE_FILE environment variable is set to '/CMC/licenses/xilinx.license'.
WARNING:Security:43 - No license file was found in the standard Xilinx license directory.
WARNING:Security:44 - Since no license file was found,
       please run the Xilinx License Configuration Manager
       (xlcm or "Manage Xilinx Licenses")
       to assist in obtaining a license.
WARNING:Security:42 - Your software subscription period has lapsed. Your current version of Xilinx tools will continue to function, but you no longer qualify for Xilinx software updates or new releases.


----------------------------------------------------------------------
This is a Full version of ISim.
Time resolution is 1 ps
# onerror resume
# wave add /
# run 1000 ns
Simulator is doing circuit initialization process.
at 0 ps, Instance /test2/uut/ : Warning: NUMERIC_STD.TO_INTEGER: metavalue detected, returning 0
at 0 ps, Instance /test2/uut/ : Warning: NUMERIC_STD.TO_INTEGER: metavalue detected, returning 0
Finished circuit initialization process.
at 5 ns(1), Instance /test2/uut/ : Warning: NUMERIC_STD.TO_INTEGER: metavalue detected, returning 0
at 5 ns(1), Instance /test2/uut/ : Warning: NUMERIC_STD.TO_INTEGER: metavalue detected, returning 0
at 5 ns(1), Instance /test2/uut/mySRAM/U0/native_mem_module/mem_module/ : Warning: There is an 'U'|'X'|'W'|'Z'|'-' in an arithmetic operand, the result will be 'X'(es).
at 5 ns(1): Note: Block Memory Generator CORE Generator module is using a behavioral model FOR simulation which will not precisely model memory collision behavior. (/test2/uut/mySRAM/U0/native_mem_module/mem_module/).
at 5 ns(1), Instance /test2/uut/mySRAM/U0/native_mem_module/mem_module/ : Warning: CONV_INTEGER: There is an 'U'|'X'|'W'|'Z'|'-' in an arithmetic operand, and it has been converted to 0.
at 5 ns(1), Instance /test2/uut/mySRAM/U0/native_mem_module/mem_module/ : Warning: CONV_INTEGER: There is an 'U'|'X'|'W'|'Z'|'-' in an arithmetic operand, and it has been converted to 0.
at 5 ns(1), Instance /test2/uut/mySRAM/U0/native_mem_module/mem_module/ : Warning: CONV_INTEGER: There is an 'U'|'X'|'W'|'Z'|'-' in an arithmetic operand, and it has been converted to 0.
at 5 ns(1), Instance /test2/uut/mySRAM/U0/native_mem_module/mem_module/ : Warning: CONV_INTEGER: There is an 'U'|'X'|'W'|'Z'|'-' in an arithmetic operand, and it has been converted to 0.
# restart
# run all
Simulator is doing circuit initialization process.
at 0 ps, Instance /test2/uut/ : Warning: NUMERIC_STD.TO_INTEGER: metavalue detected, returning 0
at 0 ps, Instance /test2/uut/ : Warning: NUMERIC_STD.TO_INTEGER: metavalue detected, returning 0
Finished circuit initialization process.
at 5 ns(1), Instance /test2/uut/ : Warning: NUMERIC_STD.TO_INTEGER: metavalue detected, returning 0
at 5 ns(1), Instance /test2/uut/ : Warning: NUMERIC_STD.TO_INTEGER: metavalue detected, returning 0
at 5 ns(1): Note: Block Memory Generator CORE Generator module is using a behavioral model FOR simulation which will not precisely model memory collision behavior. (/test2/uut/mySRAM/U0/native_mem_module/mem_module/).
at 5 ns(1), Instance /test2/uut/mySRAM/U0/native_mem_module/mem_module/ : Warning: CONV_INTEGER: There is an 'U'|'X'|'W'|'Z'|'-' in an arithmetic operand, and it has been converted to 0.
at 5 ns(1), Instance /test2/uut/mySRAM/U0/native_mem_module/mem_module/ : Warning: CONV_INTEGER: There is an 'U'|'X'|'W'|'Z'|'-' in an arithmetic operand, and it has been converted to 0.
at 5 ns(1), Instance /test2/uut/mySRAM/U0/native_mem_module/mem_module/ : Warning: CONV_INTEGER: There is an 'U'|'X'|'W'|'Z'|'-' in an arithmetic operand, and it has been converted to 0.
at 5 ns(1), Instance /test2/uut/mySRAM/U0/native_mem_module/mem_module/ : Warning: CONV_INTEGER: There is an 'U'|'X'|'W'|'Z'|'-' in an arithmetic operand, and it has been converted to 0.
Stopped at time : 10250430 ns : File "/home/student2/ahbhuiya/Downloads/Cache/Test2.vhd" Line 106
# exit 0
